Inicio del Juego rapido 03/08/2022 11:10:19
Se creó la partida nro 1 con los jugadores: Adriel y Juancho
Se creó el personaje: JuanSeb el humano Juan, nacio el 10/10/1923. Con Velocidad: 9, Destreza: 4, Fuerza: 5, Armadura: 1 y Nivel: 1
Se creó el personaje: Agustín el humano Agus, nacio el 10/10/1927. Con Velocidad: 8, Destreza: 4, Fuerza: 1, Armadura: 2 y Nivel: 1
Se creó el personaje: Juann el elfo Juan, nacio el 10/10/1915. Con Velocidad: 6, Destreza: 4, Fuerza: 1, Armadura: 5 y Nivel: 1
Se creó el personaje: Marcos el humano Marc, nacio el 10/10/1999. Con Velocidad: 4, Destreza: 2, Fuerza: 8, Armadura: 5 y Nivel: 1
Se creó el personaje: Anthony el orco Anth, nacio el 10/10/1987. Con Velocidad: 1, Destreza: 1, Fuerza: 8, Armadura: 7 y Nivel: 1
Se creó el personaje: Valentino el elfo Vale, nacio el 10/10/1991. Con Velocidad: 8, Destreza: 2, Fuerza: 3, Armadura: 9 y Nivel: 1
El personaje JuanSeb es de Juancho
El personaje Agustín es de Adriel
El personaje Juann es de Juancho
El personaje Marcos es de Adriel
El personaje Anthony es de Adriel
El personaje Valentino es de Juancho
Salio soreteado Adriel para iniciar la ronda.
Se sorteo del Jugador Adriel el personaje Agustín el Agus para jugar la ronda
Se sorteo del Jugador Juancho el personaje JuanSeb el Juan para jugar la ronda
Comienza atacando Adriel con el Humano Agus
Agustín atacó a JuanSeb y le resto 1 de vida
JuanSeb atacó a Agustín y le resto 14 de vida
Agustín atacó a JuanSeb y le resto 1 de vida
JuanSeb atacó a Agustín y le resto 2 de vida
Agustín atacó a JuanSeb y le resto 3 de vida
JuanSeb atacó a Agustín y le resto 14 de vida
Agustín atacó a JuanSeb y le resto 3 de vida
JuanSeb atacó a Agustín y le resto 36 de vida
Agustín atacó a JuanSeb y le resto 5 de vida
JuanSeb atacó a Agustín y le resto 19 de vida
Agustín atacó a JuanSeb y le resto 4 de vida
JuanSeb atacó a Agustín y le resto 6 de vida
Agustín atacó a JuanSeb y le resto 0 de vida
JuanSeb atacó a Agustín y le resto 4 de vida
Finalizó la ronda, ganó Juancho con JuanSeb
Juancho ganó +20 de vida.
Comenzará la ronda 2
Se sorteo del Jugador Adriel el personaje Anthony el Anth para jugar la ronda
Se sorteo del Jugador Juancho el personaje JuanSeb el Juan para jugar la ronda
Comienza atacando Adriel con el Orco Anth
Anthony atacó a JuanSeb y le resto 9 de vida
JuanSeb atacó a Anthony y le resto 0 de vida
Anthony atacó a JuanSeb y le resto 7 de vida
JuanSeb atacó a Anthony y le resto 3 de vida
Anthony atacó a JuanSeb y le resto 4 de vida
JuanSeb atacó a Anthony y le resto 12 de vida
Anthony atacó a JuanSeb y le resto 3 de vida
JuanSeb atacó a Anthony y le resto 13 de vida
Anthony atacó a JuanSeb y le resto 13 de vida
JuanSeb atacó a Anthony y le resto 7 de vida
Anthony atacó a JuanSeb y le resto 9 de vida
JuanSeb atacó a Anthony y le resto 13 de vida
Anthony atacó a JuanSeb y le resto 5 de vida
JuanSeb atacó a Anthony y le resto 1 de vida
Finalizó la ronda, ganó Adriel con Anthony
Adriel ganó +20 de vida.
Comenzará la ronda 3
Se sorteo del Jugador Juancho el personaje JuanSeb el Juan para jugar la ronda
Se sorteo del Jugador Adriel el personaje Agustín el Agus para jugar la ronda
Comienza atacando Juancho con el Humano Juan
JuanSeb atacó a Agustín y le resto 20 de vida
El personaje Agustín murió.
A Adriel le quedan 2 personajes vivos.
Finalizó la ronda, ganó Juancho con JuanSeb
Juancho ganó +20 de vida.
Comenzará la ronda 4
Se sorteo del Jugador Adriel el personaje Marcos el Marc para jugar la ronda
Se sorteo del Jugador Juancho el personaje JuanSeb el Juan para jugar la ronda
Comienza atacando Adriel con el Humano Marc
Marcos atacó a JuanSeb y le resto 8 de vida
JuanSeb atacó a Marcos y le resto 4 de vida
Marcos atacó a JuanSeb y le resto 16 de vida
JuanSeb atacó a Marcos y le resto 4 de vida
Marcos atacó a JuanSeb y le resto 3 de vida
JuanSeb atacó a Marcos y le resto 1 de vida
Marcos atacó a JuanSeb y le resto 24 de vida
JuanSeb atacó a Marcos y le resto 4 de vida
Marcos atacó a JuanSeb y le resto 19 de vida
El personaje JuanSeb murió.
A Juancho le quedan 2 personajes vivos.
Finalizó la ronda, ganó Adriel con Marcos
Adriel ganó +20 de vida.
Comenzará la ronda 5
Se sorteo del Jugador Juancho el personaje Juann el Juan para jugar la ronda
Se sorteo del Jugador Adriel el personaje Anthony el Anth para jugar la ronda
Comienza atacando Juancho con el Elfo Juan
Juann atacó a Anthony y le resto 3 de vida
Anthony atacó a Juann y le resto 3 de vida
Juann atacó a Anthony y le resto 4 de vida
Anthony atacó a Juann y le resto 5 de vida
Juann atacó a Anthony y le resto 3 de vida
Anthony atacó a Juann y le resto 4 de vida
Juann atacó a Anthony y le resto 2 de vida
Anthony atacó a Juann y le resto 6 de vida
Juann atacó a Anthony y le resto 2 de vida
Anthony atacó a Juann y le resto 16 de vida
Juann atacó a Anthony y le resto 4 de vida
Anthony atacó a Juann y le resto 3 de vida
Juann atacó a Anthony y le resto 3 de vida
Anthony atacó a Juann y le resto 0 de vida
Finalizó la ronda, ganó Juancho con Juann
Juancho ganó +20 de vida.
Comenzará la ronda 6
Se sorteo del Jugador Adriel el personaje Marcos el Marc para jugar la ronda
Se sorteo del Jugador Juancho el personaje Juann el Juan para jugar la ronda
Comienza atacando Adriel con el Humano Marc
Marcos atacó a Juann y le resto 20 de vida
Juann atacó a Marcos y le resto 4 de vida
Marcos atacó a Juann y le resto 28 de vida
Juann atacó a Marcos y le resto 3 de vida
Marcos atacó a Juann y le resto 10 de vida
Juann atacó a Marcos y le resto 2 de vida
Marcos atacó a Juann y le resto 8 de vida
Juann atacó a Marcos y le resto 5 de vida
Marcos atacó a Juann y le resto 24 de vida
El personaje Juann murió.
A Juancho le quedan 1 personajes vivos.
Finalizó la ronda, ganó Adriel con Marcos
Adriel ganó +20 de vida.
Comenzará la ronda 7
Se sorteo del Jugador Juancho el personaje Valentino el Vale para jugar la ronda
Se sorteo del Jugador Adriel el personaje Marcos el Marc para jugar la ronda
Comienza atacando Juancho con el Elfo Vale
Valentino atacó a Marcos y le resto 11 de vida
Marcos atacó a Valentino y le resto 19 de vida
Valentino atacó a Marcos y le resto 2 de vida
Marcos atacó a Valentino y le resto 15 de vida
Valentino atacó a Marcos y le resto 4 de vida
Marcos atacó a Valentino y le resto 2 de vida
Valentino atacó a Marcos y le resto 4 de vida
Marcos atacó a Valentino y le resto 7 de vida
Valentino atacó a Marcos y le resto 1 de vida
Marcos atacó a Valentino y le resto 1 de vida
Valentino atacó a Marcos y le resto 3 de vida
Marcos atacó a Valentino y le resto 29 de vida
Valentino atacó a Marcos y le resto 9 de vida
Marcos atacó a Valentino y le resto 5 de vida
Finalizó la ronda, ganó Adriel con Marcos
Adriel ganó +20 de vida.
Comenzará la ronda 8
Se sorteo del Jugador Juancho el personaje Valentino el Vale para jugar la ronda
Se sorteo del Jugador Adriel el personaje Anthony el Anth para jugar la ronda
Comienza atacando Juancho con el Elfo Vale
Valentino atacó a Anthony y le resto 3 de vida
Anthony atacó a Valentino y le resto 1 de vida
Valentino atacó a Anthony y le resto 5 de vida
Anthony atacó a Valentino y le resto 10 de vida
Valentino atacó a Anthony y le resto 6 de vida
Anthony atacó a Valentino y le resto 10 de vida
Valentino atacó a Anthony y le resto 7 de vida
Anthony atacó a Valentino y le resto 4 de vida
El personaje Valentino murió.
A Juancho le quedan 0 personajes vivos.
Finalizó la ronda, ganó Adriel con Anthony
Adriel ganó +20 de vida.
Finalizó la partida nro 1. Ganó Adriel
------------------------------
Se creó la partida nro 2 con los jugadores: Pepe y Milagros
El personaje JuanSeb es de Pepe
El personaje Agustín es de Pepe
El personaje Juann es de Pepe
El personaje Marcos es de Milagros
El personaje Anthony es de Milagros
El personaje Valentino es de Milagros
Salio soreteado Milagros para iniciar la ronda.
Se sorteo del Jugador Milagros el personaje Anthony el Anth para jugar la ronda
Se sorteo del Jugador Pepe el personaje JuanSeb el Juan para jugar la ronda
Comienza atacando Milagros con el Orco Anth
Anthony atacó a JuanSeb y le resto 2 de vida
JuanSeb atacó a Anthony y le resto 22 de vida
Anthony atacó a JuanSeb y le resto 4 de vida
JuanSeb atacó a Anthony y le resto 5 de vida
Anthony atacó a JuanSeb y le resto 8 de vida
JuanSeb atacó a Anthony y le resto 4 de vida
Anthony atacó a JuanSeb y le resto 9 de vida
JuanSeb atacó a Anthony y le resto 1 de vida
Anthony atacó a JuanSeb y le resto 8 de vida
JuanSeb atacó a Anthony y le resto 10 de vida
Anthony atacó a JuanSeb y le resto 1 de vida
JuanSeb atacó a Anthony y le resto 20 de vida
Anthony atacó a JuanSeb y le resto 17 de vida
JuanSeb atacó a Anthony y le resto 8 de vida
Finalizó la ronda, ganó Pepe con JuanSeb
Pepe ganó +20 de vida.
Comenzará la ronda 2
Se sorteo del Jugador Milagros el personaje Valentino el Vale para jugar la ronda
Se sorteo del Jugador Pepe el personaje Agustín el Agus para jugar la ronda
Comienza atacando Milagros con el Elfo Vale
Valentino atacó a Agustín y le resto 4 de vida
Agustín atacó a Valentino y le resto 4 de vida
Valentino atacó a Agustín y le resto 3 de vida
Agustín atacó a Valentino y le resto 4 de vida
Valentino atacó a Agustín y le resto 12 de vida
Agustín atacó a Valentino y le resto 3 de vida
Valentino atacó a Agustín y le resto 0 de vida
Agustín atacó a Valentino y le resto 5 de vida
Valentino atacó a Agustín y le resto 3 de vida
Agustín atacó a Valentino y le resto 5 de vida
Valentino atacó a Agustín y le resto 2 de vida
Agustín atacó a Valentino y le resto 1 de vida
Valentino atacó a Agustín y le resto 12 de vida
Agustín atacó a Valentino y le resto 4 de vida
Finalizó la ronda, ganó Milagros con Valentino
Milagros ganó +20 de vida.
Comenzará la ronda 3
Se sorteo del Jugador Pepe el personaje Agustín el Agus para jugar la ronda
Se sorteo del Jugador Milagros el personaje Valentino el Vale para jugar la ronda
Comienza atacando Pepe con el Humano Agus
Agustín atacó a Valentino y le resto 1 de vida
Valentino atacó a Agustín y le resto 1 de vida
Agustín atacó a Valentino y le resto 9 de vida
Valentino atacó a Agustín y le resto 9 de vida
Agustín atacó a Valentino y le resto 2 de vida
Valentino atacó a Agustín y le resto 7 de vida
Agustín atacó a Valentino y le resto 5 de vida
Valentino atacó a Agustín y le resto 3 de vida
Agustín atacó a Valentino y le resto 7 de vida
Valentino atacó a Agustín y le resto 6 de vida
Agustín atacó a Valentino y le resto 8 de vida
Valentino atacó a Agustín y le resto 2 de vida
Agustín atacó a Valentino y le resto 0 de vida
Valentino atacó a Agustín y le resto 0 de vida
Finalizó la ronda, ganó Milagros con Valentino
Milagros ganó +20 de vida.
Comenzará la ronda 4
Se sorteo del Jugador Pepe el personaje Agustín el Agus para jugar la ronda
Se sorteo del Jugador Milagros el personaje Valentino el Vale para jugar la ronda
Comienza atacando Pepe con el Humano Agus
Agustín atacó a Valentino y le resto 4 de vida
Valentino atacó a Agustín y le resto 10 de vida
Agustín atacó a Valentino y le resto 8 de vida
Valentino atacó a Agustín y le resto 8 de vida
Agustín atacó a Valentino y le resto 2 de vida
Valentino atacó a Agustín y le resto 9 de vida
Agustín atacó a Valentino y le resto 7 de vida
Valentino atacó a Agustín y le resto 12 de vida
El personaje Agustín murió.
A Pepe le quedan 2 personajes vivos.
Finalizó la ronda, ganó Milagros con Valentino
Milagros ganó +20 de vida.
Comenzará la ronda 5
Se sorteo del Jugador Pepe el personaje Juann el Juan para jugar la ronda
Se sorteo del Jugador Milagros el personaje Valentino el Vale para jugar la ronda
Comienza atacando Pepe con el Elfo Juan
Juann atacó a Valentino y le resto 4 de vida
Valentino atacó a Juann y le resto 5 de vida
Juann atacó a Valentino y le resto 3 de vida
Valentino atacó a Juann y le resto 4 de vida
Juann atacó a Valentino y le resto 4 de vida
Valentino atacó a Juann y le resto 8 de vida
Juann atacó a Valentino y le resto 1 de vida
Valentino atacó a Juann y le resto 2 de vida
Juann atacó a Valentino y le resto 2 de vida
Valentino atacó a Juann y le resto 5 de vida
Juann atacó a Valentino y le resto 7 de vida
Valentino atacó a Juann y le resto 1 de vida
Juann atacó a Valentino y le resto 5 de vida
Valentino atacó a Juann y le resto 8 de vida
Finalizó la ronda, ganó Pepe con Juann
Pepe ganó +20 de vida.
Comenzará la ronda 6
Se sorteo del Jugador Milagros el personaje Valentino el Vale para jugar la ronda
Se sorteo del Jugador Pepe el personaje JuanSeb el Juan para jugar la ronda
Comienza atacando Milagros con el Elfo Vale
Valentino atacó a JuanSeb y le resto 12 de vida
JuanSeb atacó a Valentino y le resto 11 de vida
Valentino atacó a JuanSeb y le resto 2 de vida
JuanSeb atacó a Valentino y le resto 7 de vida
Valentino atacó a JuanSeb y le resto 6 de vida
JuanSeb atacó a Valentino y le resto 2 de vida
Valentino atacó a JuanSeb y le resto 2 de vida
JuanSeb atacó a Valentino y le resto 26 de vida
Valentino atacó a JuanSeb y le resto 4 de vida
JuanSeb atacó a Valentino y le resto 15 de vida
El personaje Valentino murió.
A Milagros le quedan 2 personajes vivos.
Finalizó la ronda, ganó Pepe con JuanSeb
Pepe ganó +20 de vida.
Comenzará la ronda 7
Se sorteo del Jugador Milagros el personaje Anthony el Anth para jugar la ronda
Se sorteo del Jugador Pepe el personaje JuanSeb el Juan para jugar la ronda
Comienza atacando Milagros con el Orco Anth
Anthony atacó a JuanSeb y le resto 4 de vida
JuanSeb atacó a Anthony y le resto 16 de vida
Anthony atacó a JuanSeb y le resto 9 de vida
JuanSeb atacó a Anthony y le resto 26 de vida
El personaje Anthony murió.
A Milagros le quedan 1 personajes vivos.
Finalizó la ronda, ganó Pepe con JuanSeb
Pepe ganó +20 de vida.
Comenzará la ronda 8
Se sorteo del Jugador Milagros el personaje Marcos el Marc para jugar la ronda
Se sorteo del Jugador Pepe el personaje Juann el Juan para jugar la ronda
Comienza atacando Milagros con el Humano Marc
Marcos atacó a Juann y le resto 25 de vida
Juann atacó a Marcos y le resto 6 de vida
Marcos atacó a Juann y le resto 2 de vida
Juann atacó a Marcos y le resto 8 de vida
Marcos atacó a Juann y le resto 5 de vida
Juann atacó a Marcos y le resto 6 de vida
Marcos atacó a Juann y le resto 9 de vida
Juann atacó a Marcos y le resto 5 de vida
Marcos atacó a Juann y le resto 4 de vida
Juann atacó a Marcos y le resto 2 de vida
Marcos atacó a Juann y le resto 5 de vida
Juann atacó a Marcos y le resto 3 de vida
Marcos atacó a Juann y le resto 31 de vida
Juann atacó a Marcos y le resto 1 de vida
Finalizó la ronda, ganó Milagros con Marcos
Milagros ganó +20 de vida.
Comenzará la ronda 9
Se sorteo del Jugador Pepe el personaje JuanSeb el Juan para jugar la ronda
Se sorteo del Jugador Milagros el personaje Marcos el Marc para jugar la ronda
Comienza atacando Pepe con el Humano Juan
JuanSeb atacó a Marcos y le resto 8 de vida
Marcos atacó a JuanSeb y le resto 2 de vida
JuanSeb atacó a Marcos y le resto 39 de vida
Marcos atacó a JuanSeb y le resto 6 de vida
JuanSeb atacó a Marcos y le resto 5 de vida
Marcos atacó a JuanSeb y le resto 7 de vida
JuanSeb atacó a Marcos y le resto 17 de vida
Marcos atacó a JuanSeb y le resto 0 de vida
JuanSeb atacó a Marcos y le resto 1 de vida
Marcos atacó a JuanSeb y le resto 12 de vida
JuanSeb atacó a Marcos y le resto 11 de vida
Marcos atacó a JuanSeb y le resto 16 de vida
JuanSeb atacó a Marcos y le resto 36 de vida
El personaje Marcos murió.
A Milagros le quedan 0 personajes vivos.
Finalizó la ronda, ganó Pepe con JuanSeb
Pepe ganó +20 de vida.
Finalizó la partida nro 2. Ganó Pepe
------------------------------
Inicio del Juego creando los personajes 03/08/2022 11:20:20
Se creó el personaje: Valentino el elfo Vale, nacio el 10/10/1991. Con Velocidad: 8, Destreza: 3, Fuerza: 4, Armadura: 9 y Nivel: 1
Se creó la partida nro 3 con los jugadores: Lala y Retruy
El personaje JuanSebaa es de Lala
El personaje Agustín es de Retruy
El personaje Juann es de Lala
El personaje Marcos es de Lala
El personaje Anthony es de Retruy
El personaje Valentino es de Retruy
Salio soreteado Retruy para iniciar la ronda.
Se sorteo del Jugador Retruy el personaje Anthony el Anth para jugar la ronda
Se sorteo del Jugador Lala el personaje Marcos el Marco para jugar la ronda
Comienza atacando Retruy con el Orco Anth
Anthony atacó a Marcos y le resto 1 de vida
Marcos atacó a Anthony y le resto 40 de vida
Anthony atacó a Marcos y le resto 7 de vida
Marcos atacó a Anthony y le resto 9 de vida
Anthony atacó a Marcos y le resto 34 de vida
Marcos atacó a Anthony y le resto 37 de vida
Anthony atacó a Marcos y le resto 9 de vida
Marcos atacó a Anthony y le resto 36 de vida
El personaje Anthony murió.
A Retruy le quedan 2 personajes vivos.
Finalizó la ronda, ganó Lala con Marcos
Lala ganó +20 de vida.
Comenzará la ronda 2
Se sorteo del Jugador Retruy el personaje Valentino el Vale para jugar la ronda
Se sorteo del Jugador Lala el personaje Juann el Juan para jugar la ronda
Comienza atacando Retruy con el Elfo Vale
Valentino atacó a Juann y le resto 13 de vida
Juann atacó a Valentino y le resto 12 de vida
Valentino atacó a Juann y le resto 24 de vida
Juann atacó a Valentino y le resto 2 de vida
Valentino atacó a Juann y le resto 20 de vida
Juann atacó a Valentino y le resto 1 de vida
Valentino atacó a Juann y le resto 5 de vida
Juann atacó a Valentino y le resto 10 de vida
Valentino atacó a Juann y le resto 10 de vida
Juann atacó a Valentino y le resto 6 de vida
Valentino atacó a Juann y le resto 14 de vida
Juann atacó a Valentino y le resto 8 de vida
Valentino atacó a Juann y le resto 2 de vida
Juann atacó a Valentino y le resto 12 de vida
Finalizó la ronda, ganó Retruy con Valentino
Retruy ganó +20 de vida.
Comenzará la ronda 3
Se sorteo del Jugador Lala el personaje Juann el Juan para jugar la ronda
Se sorteo del Jugador Retruy el personaje Agustín el Agus para jugar la ronda
Comienza atacando Lala con el Elfo Juan
Juann atacó a Agustín y le resto 25 de vida
Agustín atacó a Juann y le resto 11 de vida
Juann atacó a Agustín y le resto 5 de vida
Agustín atacó a Juann y le resto 6 de vida
El personaje Juann murió.
A Lala le quedan 2 personajes vivos.
Finalizó la ronda, ganó Retruy con Agustín
Retruy ganó +20 de vida.
Comenzará la ronda 4
Se sorteo del Jugador Lala el personaje Marcos el Marco para jugar la ronda
Se sorteo del Jugador Retruy el personaje Agustín el Agus para jugar la ronda
Comienza atacando Lala con el Humano Marco
Marcos atacó a Agustín y le resto 6 de vida
Agustín atacó a Marcos y le resto 4 de vida
Marcos atacó a Agustín y le resto 1 de vida
Agustín atacó a Marcos y le resto 13 de vida
Marcos atacó a Agustín y le resto 1 de vida
Agustín atacó a Marcos y le resto 7 de vida
Marcos atacó a Agustín y le resto 39 de vida
Agustín atacó a Marcos y le resto 12 de vida
Marcos atacó a Agustín y le resto 41 de vida
Agustín atacó a Marcos y le resto 14 de vida
Marcos atacó a Agustín y le resto 41 de vida
El personaje Agustín murió.
A Retruy le quedan 1 personajes vivos.
Finalizó la ronda, ganó Lala con Marcos
Lala ganó +20 de vida.
Comenzará la ronda 5
Se sorteo del Jugador Retruy el personaje Valentino el Vale para jugar la ronda
Se sorteo del Jugador Lala el personaje JuanSebaa el seb para jugar la ronda
Comienza atacando Retruy con el Elfo Vale
Valentino atacó a JuanSebaa y le resto 14 de vida
JuanSebaa atacó a Valentino y le resto 9 de vida
Valentino atacó a JuanSebaa y le resto 7 de vida
JuanSebaa atacó a Valentino y le resto 0 de vida
Valentino atacó a JuanSebaa y le resto 9 de vida
JuanSebaa atacó a Valentino y le resto 1 de vida
Valentino atacó a JuanSebaa y le resto 3 de vida
JuanSebaa atacó a Valentino y le resto 32 de vida
Valentino atacó a JuanSebaa y le resto 16 de vida
JuanSebaa atacó a Valentino y le resto 31 de vida
El personaje Valentino murió.
A Retruy le quedan 0 personajes vivos.
Finalizó la ronda, ganó Lala con JuanSebaa
Lala ganó +20 de vida.
Finalizó la partida nro 3. Ganó Lala
------------------------------
